Determining if the pthread_create exist failed with the following output:
Change Dir: /home/wenjing/ros/my_planner_rviz/src/multi_mapping/build/CMakeFiles/CMakeTmp

Run Build Command:"/usr/bin/ninja" "cmTC_de22f"
[1/2] Building C object CMakeFiles/cmTC_de22f.dir/CheckSymbolExists.c.o
[2/2] Linking C executable cmTC_de22f
FAILED: cmTC_de22f 
: && /usr/bin/cc   -rdynamic CMakeFiles/cmTC_de22f.dir/CheckSymbolExists.c.o  -o cmTC_de22f   && :
CMakeFiles/cmTC_de22f.dir/CheckSymbolExists.c.o：在函数‘main’中：
CheckSymbolExists.c:(.text+0x1b)：对‘pthread_create’未定义的引用
collect2: error: ld returned 1 exit status
ninja: build stopped: subcommand failed.

File /home/wenjing/ros/my_planner_rviz/src/multi_mapping/build/CMakeFiles/CMakeTmp/CheckSymbolExists.c:
/* */
#include <pthread.h>

int main(int argc, char** argv)
{
  (void)argv;
#ifndef pthread_create
  return ((int*)(&pthread_create))[argc];
#else
  (void)argc;
  return 0;
#endif
}

Determining if the function pthread_create exists in the pthreads failed with the following output:
Change Dir: /home/wenjing/ros/my_planner_rviz/src/multi_mapping/build/CMakeFiles/CMakeTmp

Run Build Command:"/usr/bin/ninja" "cmTC_496d0"
[1/2] Building C object CMakeFiles/cmTC_496d0.dir/CheckFunctionExists.c.o
[2/2] Linking C executable cmTC_496d0
FAILED: cmTC_496d0 
: && /usr/bin/cc -DCHECK_FUNCTION_EXISTS=pthread_create  -rdynamic CMakeFiles/cmTC_496d0.dir/CheckFunctionExists.c.o  -o cmTC_496d0  -lpthreads && :
/usr/bin/ld: 找不到 -lpthreads
collect2: error: ld returned 1 exit status
ninja: build stopped: subcommand failed.


