Determining if the pthread_create exist failed with the following output:
Change Dir: /home/wenjing/ros/my_planner_rviz/build/CMakeFiles/CMakeTmp

Run Build Command:"/usr/bin/make" "cmTC_82620/fast"
/usr/bin/make -f CMakeFiles/cmTC_82620.dir/build.make CMakeFiles/cmTC_82620.dir/build
make[1]: 进入目录“/home/wenjing/ros/my_planner_rviz/build/CMakeFiles/CMakeTmp”
Building C object CMakeFiles/cmTC_82620.dir/CheckSymbolExists.c.o
/usr/bin/cc    -o CMakeFiles/cmTC_82620.dir/CheckSymbolExists.c.o   -c /home/wenjing/ros/my_planner_rviz/build/CMakeFiles/CMakeTmp/CheckSymbolExists.c
Linking C executable cmTC_82620
/usr/bin/cmake -E cmake_link_script CMakeFiles/cmTC_82620.dir/link.txt --verbose=1
/usr/bin/cc      -rdynamic CMakeFiles/cmTC_82620.dir/CheckSymbolExists.c.o  -o cmTC_82620 
CMakeFiles/cmTC_82620.dir/CheckSymbolExists.c.o：在函数‘main’中：
CheckSymbolExists.c:(.text+0x1b)：对‘pthread_create’未定义的引用
collect2: error: ld returned 1 exit status
CMakeFiles/cmTC_82620.dir/build.make:97: recipe for target 'cmTC_82620' failed
make[1]: *** [cmTC_82620] Error 1
make[1]: 离开目录“/home/wenjing/ros/my_planner_rviz/build/CMakeFiles/CMakeTmp”
Makefile:126: recipe for target 'cmTC_82620/fast' failed
make: *** [cmTC_82620/fast] Error 2

File /home/wenjing/ros/my_planner_rviz/build/CMakeFiles/CMakeTmp/CheckSymbolExists.c:
/* */
#include <pthread.h>

int main(int argc, char** argv)
{
  (void)argv;
#ifndef pthread_create
  return ((int*)(&pthread_create))[argc];
#else
  (void)argc;
  return 0;
#endif
}

Determining if the function pthread_create exists in the pthreads failed with the following output:
Change Dir: /home/wenjing/ros/my_planner_rviz/build/CMakeFiles/CMakeTmp

Run Build Command:"/usr/bin/make" "cmTC_756d7/fast"
/usr/bin/make -f CMakeFiles/cmTC_756d7.dir/build.make CMakeFiles/cmTC_756d7.dir/build
make[1]: 进入目录“/home/wenjing/ros/my_planner_rviz/build/CMakeFiles/CMakeTmp”
Building C object CMakeFiles/cmTC_756d7.dir/CheckFunctionExists.c.o
/usr/bin/cc   -DCHECK_FUNCTION_EXISTS=pthread_create   -o CMakeFiles/cmTC_756d7.dir/CheckFunctionExists.c.o   -c /usr/share/cmake-3.10/Modules/CheckFunctionExists.c
Linking C executable cmTC_756d7
/usr/bin/cmake -E cmake_link_script CMakeFiles/cmTC_756d7.dir/link.txt --verbose=1
/usr/bin/cc  -DCHECK_FUNCTION_EXISTS=pthread_create    -rdynamic CMakeFiles/cmTC_756d7.dir/CheckFunctionExists.c.o  -o cmTC_756d7 -lpthreads 
/usr/bin/ld: 找不到 -lpthreads
collect2: error: ld returned 1 exit status
CMakeFiles/cmTC_756d7.dir/build.make:97: recipe for target 'cmTC_756d7' failed
make[1]: *** [cmTC_756d7] Error 1
make[1]: 离开目录“/home/wenjing/ros/my_planner_rviz/build/CMakeFiles/CMakeTmp”
Makefile:126: recipe for target 'cmTC_756d7/fast' failed
make: *** [cmTC_756d7/fast] Error 2


